================================================================================
TASK-BASED MODE: Processing task_id 1
================================================================================

Reading task assignments from: /mnt/team/rapidresponse/pub/tropical-storms/climada/input/cmip6/level_4_task_assignments.csv

Task 1 has 25 draw assignments

Task 1 assignment:
  Model/Variant/Scenario: CMCC-ESM2/r1i1p1f1/historical
  Time Period: 1965-1969
  Basin: AU
  Draws: [0, 1, 2, 3, 4, 5, 6, 7, 8, 9, 10, 11, 12, 13, 14, 15, 16, 17, 18, 19, 20, 21, 22, 23, 24] (25 draws)

================================================================================
Processing combination:
  CMCC-ESM2/r1i1p1f1/historical/1965-1969/AU
  Draws: [0, 1, 2, 3, 4, 5, 6, 7, 8, 9, 10, 11, 12, 13, 14, 15, 16, 17, 18, 19, 20, 21, 22, 23, 24] (25 draws)
================================================================================

[1/3] Checking for missing draws...
      ⏱️  Missing draw check took 0.1s

Missing draws in this batch: 25/25
  First 10: [0, 1, 2, 3, 4, 5, 6, 7, 8, 9]
  Last 10: [15, 16, 17, 18, 19, 20, 21, 22, 23, 24]
Loading chunked time bins from /mnt/team/rapidresponse/pub/tropical-storms/tempestextremes/outputs/cmip6/bayespoisson_time_bins_wide_max_bin_5.csv
Warning: Multiple rows found for CMCC-ESM2/r1i1p1f1/historical/1965-1969, using first
✅ Created config dict for CMCC-ESM2/r1i1p1f1/historical/1965-1969/AU

[2/2] Running TC-risk for 25 draws (with validation)...
🚀 Executing TC-risk with dict-based config...
✅ Saved config to: /mnt/team/rapidresponse/pub/tropical-storms/tc_risk/output/cmip6/CMCC-ESM2/r1i1p1f1/historical/1965-1969/AU/config.json
📊 Calculated memory: 25.0G total → 5.62GB per worker (4 workers)
🔍 Worker logs will be written to: /mnt/team/rapidresponse/pub/tropical-storms/tc_risk/output/cmip6/CMCC-ESM2/r1i1p1f1/historical/1965-1969/worker_logs
slurmstepd: error: *** JOB 65478358 ON gen-slurm-sarchive-p0288 CANCELLED AT 2026-02-11T12:59:29 ***
